features/native/build/intermediates/manifest_merge_blame_file/release/manifest-merger-blame-release-report.txt
1<?xml version="1.0" encoding="utf-8"?>
2<manifest xmlns:android="http://schemas.android.com/apk/res/android"
3    xmlns:dist="http://schemas.android.com/apk/distribution"
4    featureSplit="native"
5    package="com.iqiyi.qigsaw.sample"
6    android:versionCode="271"
7    android:versionName="1.0.0" >
8
9    <uses-sdk
10        android:minSdkVersion="14"
10-->src/main/AndroidManifest.xml
11        android:targetSdkVersion="28" />
11-->src/main/AndroidManifest.xml
12
13    <dist:module
13-->src/main/AndroidManifest.xml:6:5-10:19
14        dist:onDemand="true"
14-->src/main/AndroidManifest.xml:7:9-29
15        dist:title="@string/module_native" >
15-->src/main/AndroidManifest.xml:8:9-43
16        <dist:fusing dist:include="false" />
16-->src/main/AndroidManifest.xml:9:9-45
16-->src/main/AndroidManifest.xml:9:22-42
17    </dist:module>
18
19    <application>
19-->src/main/AndroidManifest.xml:12:5-18:19
20        <activity android:name="com.iqiyi.qigsaw.sample.ccode.NativeSampleActivity" >
20-->src/main/AndroidManifest.xml:13:9-17:20
20-->src/main/AndroidManifest.xml:13:19-55
21            <intent-filter>
21-->src/main/AndroidManifest.xml:14:13-16:29
22                <action android:name="android.intent.action.VIEW" />
22-->src/main/AndroidManifest.xml:15:17-69
22-->src/main/AndroidManifest.xml:15:25-66
23            </intent-filter>
24        </activity>
25    </application>
26
27</manifest>